{
  "RSpec": {
    "coverage": {
      "/Users/ola/Projects/main-course/week-10/bank_tech_test/spec/account_spec.rb": {
        "lines": [
          null,
          null,
          1,
          null,
          1,
          1,
          6,
          null,
          null,
          1,
          1,
          1,
          null,
          null,
          1,
          1,
          null,
          null,
          1,
          1,
          1,
          null,
          null,
          null,
          1,
          1,
          1,
          null,
          null,
          null,
          1,
          1,
          1,
          1,
          1,
          null,
          null,
          1,
          1,
          1,
          null,
          null,
          null
        ]
      },
      "/Users/ola/Projects/main-course/week-10/bank_tech_test/lib/account.rb": {
        "lines": [
          null,
          null,
          1,
          null,
          1,
          null,
          null,
          1,
          6,
          6,
          null,
          null,
          null,
          null,
          1,
          5,
          5,
          5,
          5,
          5,
          null,
          null,
          1,
          1,
          1,
          null,
          null,
          1,
          2,
          1,
          null,
          1,
          null,
          null,
          null
        ]
      },
      "/Users/ola/Projects/main-course/week-10/bank_tech_test/lib/transaction.rb": {
        "lines": [
          null,
          null,
          1,
          1,
          14,
          14,
          14,
          14,
          null,
          null,
          1,
          9,
          null,
          null
        ]
      },
      "/Users/ola/Projects/main-course/week-10/bank_tech_test/spec/transaction_spec.rb": {
        "lines": [
          null,
          null,
          1,
          null,
          1,
          1,
          null,
          null,
          1,
          null,
          1,
          1,
          1,
          null,
          null,
          1,
          1,
          1,
          1,
          null,
          null,
          1,
          1,
          1,
          1,
          null,
          null,
          1,
          1,
          null,
          1,
          1,
          null,
          null
        ]
      }
    },
    "timestamp": 1594832389
  }
}
