{
  "RSpec": {
    "coverage": {
      "/Users/ola/Projects/main-course/week-10/bank_tech_test/spec/account_spec.rb": {
        "lines": [
          null,
          null,
          1,
          null,
          1,
          1,
          7,
          null,
          null,
          1,
          1,
          1,
          null,
          null,
          1,
          1,
          null,
          null,
          1,
          1,
          1,
          null,
          null,
          null,
          1,
          1,
          1,
          null,
          null,
          null,
          1,
          1,
          1,
          1,
          1,
          null,
          null,
          1,
          1,
          1,
          1,
          null,
          null,
          1,
          1,
          1,
          null,
          null,
          null
        ]
      },
      "/Users/ola/Projects/main-course/week-10/bank_tech_test/lib/account.rb": {
        "lines": [
          null,
          null,
          1,
          null,
          1,
          null,
          1,
          null,
          1,
          8,
          8,
          null,
          null,
          1,
          6,
          6,
          6,
          6,
          null,
          null,
          1,
          3,
          3,
          3,
          3,
          null,
          null,
          1,
          5,
          1,
          null,
          4,
          10,
          null,
          null,
          null,
          null
        ]
      },
      "/Users/ola/Projects/main-course/week-10/bank_tech_test/lib/transaction.rb": {
        "lines": [
          null,
          null,
          1,
          1,
          13,
          13,
          13,
          13,
          null,
          null,
          1,
          13,
          null,
          null
        ]
      },
      "/Users/ola/Projects/main-course/week-10/bank_tech_test/spec/feature/account_feature_spec.rb": {
        "lines": [
          1,
          null,
          1,
          null,
          2,
          null,
          1,
          1,
          1,
          1,
          1,
          2,
          null,
          null
        ]
      },
      "/Users/ola/Projects/main-course/week-10/bank_tech_test/spec/transaction_spec.rb": {
        "lines": [
          null,
          null,
          1,
          null,
          1,
          null,
          1,
          null,
          1,
          1,
          1,
          null,
          null,
          1,
          1,
          1,
          1,
          null,
          null,
          1,
          1,
          1,
          1,
          null,
          null,
          1,
          1,
          null,
          1,
          1,
          null,
          null
        ]
      }
    },
    "timestamp": 1594895335
  }
}
